<?xml version="1.0" encoding="UTF-8"?>
<testsuite xmlns:xsi="http://www.w3.org/2001/XMLSchema-instance" xsi:noNamespaceSchemaLocation="https://maven.apache.org/surefire/maven-surefire-plugin/xsd/surefire-test-report-3.0.xsd" version="3.0" name="controllers.ReceiptControllerTest" time="23.4" tests="2" errors="0" skipped="0" failures="0">
  <properties>
[...]
</properties>
  <testcase name="testIVACalculator" classname="controllers.ReceiptControllerTest" time="0.364">
    <system-out><![CDATA[IVACalculator
]]></system-out>
  </testcase>
  <testcase name="testCreateReceipt" classname="controllers.ReceiptControllerTest" time="22.975">
    <system-out><![CDATA[createReceipt
Factura creada satisfactoriamente
]]></system-out>
  </testcase>
</testsuite>